[09May2024 01:26:26.085] [main/INFO] [cpw.mods.modlauncher.Launcher/MODLAUNCHER]: ModLauncher running: args [--launchTarget, forgeclientuserdev, --version, 20.6.42-beta, --assetIndex, asset-index, --assetsDir, D:\jais\.gradle\caches\minecraft\assets\1.20.6, --gameDir, ., --fml.neoForgeVersion, 20.6.42-beta, --fml.fmlVersion, 3.0.23, --fml.mcVersion, 1.20.6, --fml.neoFormVersion, 20240429.153634]
[09May2024 01:26:26.091] [main/INFO] [cpw.mods.modlauncher.Launcher/MODLAUNCHER]: JVM identified as Amazon.com Inc. OpenJDK 64-Bit Server VM 21.0.3+9-LTS
[09May2024 01:26:26.095] [main/INFO] [cpw.mods.modlauncher.Launcher/MODLAUNCHER]: ModLauncher 11.0.2+main.4612c65f starting: java version 21.0.3 by Amazon.com Inc.; OS Windows 10 arch amd64 version 10.0
[09May2024 01:26:26.339] [main/INFO] [net.neoforged.fml.loading.ImmediateWindowHandler/]: Loading ImmediateWindowProvider fmlearlywindow
[09May2024 01:26:26.542] [main/INFO] [EARLYDISPLAY/]: Trying GL version 4.6
[09May2024 01:26:26.799] [main/INFO] [EARLYDISPLAY/]: Requested GL version 4.6 got version 4.6
[09May2024 01:26:26.965] [main/INFO] [mixin/]: SpongePowered MIXIN Subsystem Version=0.8.5 Source=union:/D:/jais/.gradle/caches/modules-2/files-2.1/net.fabricmc/sponge-mixin/0.13.1+mixin.0.8.5/618f4dff860cf2d6b5196073b1a5f5e0a8591acb/sponge-mixin-0.13.1+mixin.0.8.5.jar%23185!/ Service=ModLauncher Env=CLIENT
[09May2024 01:26:27.331] [pool-2-thread-1/INFO] [EARLYDISPLAY/]: GL info: NVIDIA GeForce GTX 1050 Ti/PCIe/SSE2 GL version 4.6.0 NVIDIA 537.70, NVIDIA Corporation
[09May2024 01:26:27.474] [main/INFO] [net.neoforged.fml.loading.moddiscovery.ModDiscoverer/SCAN]: Found mod file "neoforge-20.6.42-beta.jar" [locator: neoforge devenv provider ([D:\jais\projects\productivelib\.gradle\repositories\ng_dummy_ng\net\neoforged\neoforge\20.6.42-beta\neoforge-20.6.42-beta.jar])]
[09May2024 01:26:27.499] [main/INFO] [net.neoforged.fml.loading.moddiscovery.ModDiscoverer/SCAN]: Found mod file "neoforge-20.6.42-beta.jar" [locator: neoforge devenv provider ([D:\jais\projects\productivelib\.gradle\repositories\ng_dummy_ng\net\neoforged\neoforge\20.6.42-beta\neoforge-20.6.42-beta.jar])]
[09May2024 01:26:27.521] [main/INFO] [net.neoforged.fml.loading.moddiscovery.ModDiscoverer/SCAN]: Found mod file "main" [locator: userdev mods and services, reader: mod manifest]
[09May2024 01:26:27.546] [main/INFO] [net.neoforged.fml.loading.moddiscovery.ModDiscoverer/SCAN]: Found mod file "neoforge-20.6.42-beta.jar" [locator: userdev mods and services, reader: mod manifest]
[09May2024 01:26:27.658] [main/INFO] [net.neoforged.fml.loading.moddiscovery.ModDiscoverer/SCAN]: Found gamelibrary file "mixinextras-neoforge-0.3.5.jar" [locator: userdev mods and services, reader: mod manifest]
[09May2024 01:26:27.925] [main/WARN] [net.neoforged.jarjar.selection.JarSelector/]: Attempted to select a dependency jar for JarJar which was passed in as source: mixinextras-neoforge-0.3.5.jar. Using Mod File: D:\jais\.gradle\caches\modules-2\files-2.1\io.github.llamalad7\mixinextras-neoforge\0.3.5\ef3ffcf309dae656517b2f120189b1c9b21737dd\mixinextras-neoforge-0.3.5.jar
[09May2024 01:26:27.926] [main/INFO] [net.neoforged.fml.loading.moddiscovery.locators.JarInJarDependencyLocator/]: No dependencies to load found. Skipping!
[09May2024 01:26:29.979] [main/INFO] [cpw.mods.modlauncher.LaunchServiceHandler/MODLAUNCHER]: Launching target 'forgeclientuserdev' with arguments [--version, 20.6.42-beta, --gameDir, ., --assetsDir, D:\jais\.gradle\caches\minecraft\assets\1.20.6, --assetIndex, asset-index]
[09May2024 01:26:39.434] [Datafixer Bootstrap/INFO] [com.mojang.datafixers.DataFixerBuilder/]: 225 Datafixer optimizations took 620 milliseconds
[09May2024 01:26:44.012] [main/WARN] [net.minecraft.commands.Commands/]: Ambiguity between arguments [teleport, location] and [teleport, destination] with inputs: [0.1 -0.5 .9, 0 0 0]
[09May2024 01:26:44.015] [main/WARN] [net.minecraft.commands.Commands/]: Ambiguity between arguments [teleport, location] and [teleport, targets] with inputs: [0.1 -0.5 .9, 0 0 0]
[09May2024 01:26:44.020] [main/WARN] [net.minecraft.commands.Commands/]: Ambiguity between arguments [teleport, destination] and [teleport, targets] with inputs: [Player, 0123, @e, dd12be42-52a9-4a91-a8a1-11c01849e498]
[09May2024 01:26:44.024] [main/WARN] [net.minecraft.commands.Commands/]: Ambiguity between arguments [teleport, targets] and [teleport, destination] with inputs: [Player, 0123, dd12be42-52a9-4a91-a8a1-11c01849e498]
[09May2024 01:26:44.027] [main/WARN] [net.minecraft.commands.Commands/]: Ambiguity between arguments [teleport, targets, location] and [teleport, targets, destination] with inputs: [0.1 -0.5 .9, 0 0 0]
[09May2024 01:26:44.246] [Render thread/WARN] [net.minecraft.server.packs.VanillaPackResourcesBuilder/]: Assets URL 'union:/D:/jais/projects/productivelib/.gradle/repositories/ng_dummy_ng/net/neoforged/neoforge/20.6.42-beta/neoforge-20.6.42-beta.jar%23201!/assets/.mcassetsroot' uses unexpected schema
[09May2024 01:26:44.247] [Render thread/WARN] [net.minecraft.server.packs.VanillaPackResourcesBuilder/]: Assets URL 'union:/D:/jais/projects/productivelib/.gradle/repositories/ng_dummy_ng/net/neoforged/neoforge/20.6.42-beta/neoforge-20.6.42-beta.jar%23201!/data/.mcassetsroot' uses unexpected schema
[09May2024 01:26:44.286] [Render thread/INFO] [com.mojang.authlib.yggdrasil.YggdrasilAuthenticationService/]: Environment: Environment[sessionHost=https://sessionserver.mojang.com, servicesHost=https://api.minecraftservices.com, name=PROD]
[09May2024 01:26:44.304] [Render thread/INFO] [net.minecraft.client.Minecraft/]: Setting user: Dev
[09May2024 01:26:44.483] [Render thread/INFO] [net.minecraft.client.Minecraft/]: Backend library: LWJGL version 3.3.3+5
[09May2024 01:26:44.849] [modloading-worker-0/INFO] [net.neoforged.neoforge.common.NeoForgeMod/NEOFORGE-MOD]: NeoForge mod loading, version 20.6.42-beta, for MC 1.20.6
[09May2024 01:26:46.061] [Render thread/INFO] [net.neoforged.neoforge.gametest.GameTestHooks/]: Enabled Gametest Namespaces: []
[09May2024 01:26:46.249] [Render thread/INFO] [net.minecraft.server.packs.resources.ReloadableResourceManager/]: Reloading ResourceManager: vanilla, mod_resources, mod/productivelib, mod/neoforge
[09May2024 01:26:46.398] [Worker-Main-4/INFO] [net.minecraft.client.gui.font.providers.UnihexProvider/]: Found unifont_all_no_pua-15.1.04.hex, loading
[09May2024 01:26:47.130] [Worker-Main-1/INFO] [net.minecraft.client.gui.font.providers.UnihexProvider/]: Found unifont_jp_patch-15.1.04.hex, loading
[09May2024 01:26:50.575] [Render thread/WARN] [net.minecraft.client.sounds.SoundEngine/]: Missing sound for event: minecraft:item.goat_horn.play
[09May2024 01:26:50.575] [Render thread/WARN] [net.minecraft.client.sounds.SoundEngine/]: Missing sound for event: minecraft:entity.goat.screaming.horn_break
[09May2024 01:26:50.668] [Render thread/INFO] [com.mojang.blaze3d.audio.Library/]: OpenAL initialized on device OpenAL Soft on Speakers (Realtek High Definition Audio)
[09May2024 01:26:50.669] [Render thread/INFO] [net.minecraft.client.sounds.SoundEngine/SOUNDS]: Sound engine started
[09May2024 01:26:50.904] [Render thread/INFO] [net.minecraft.client.renderer.texture.TextureAtlas/]: Created: 1024x512x4 minecraft:textures/atlas/blocks.png-atlas
[09May2024 01:26:50.937] [Render thread/INFO] [net.minecraft.client.renderer.texture.TextureAtlas/]: Created: 256x256x4 minecraft:textures/atlas/signs.png-atlas
[09May2024 01:26:50.938] [Render thread/INFO] [net.minecraft.client.renderer.texture.TextureAtlas/]: Created: 512x512x4 minecraft:textures/atlas/banner_patterns.png-atlas
[09May2024 01:26:50.940] [Render thread/INFO] [net.minecraft.client.renderer.texture.TextureAtlas/]: Created: 512x512x4 minecraft:textures/atlas/shield_patterns.png-atlas
[09May2024 01:26:50.942] [Render thread/INFO] [net.minecraft.client.renderer.texture.TextureAtlas/]: Created: 1024x1024x4 minecraft:textures/atlas/armor_trims.png-atlas
[09May2024 01:26:50.954] [Render thread/INFO] [net.minecraft.client.renderer.texture.TextureAtlas/]: Created: 256x256x4 minecraft:textures/atlas/chest.png-atlas
[09May2024 01:26:50.955] [Render thread/INFO] [net.minecraft.client.renderer.texture.TextureAtlas/]: Created: 128x64x4 minecraft:textures/atlas/decorated_pot.png-atlas
[09May2024 01:26:50.956] [Render thread/INFO] [net.minecraft.client.renderer.texture.TextureAtlas/]: Created: 512x256x4 minecraft:textures/atlas/shulker_boxes.png-atlas
[09May2024 01:26:50.957] [Render thread/INFO] [net.minecraft.client.renderer.texture.TextureAtlas/]: Created: 512x256x4 minecraft:textures/atlas/beds.png-atlas
[09May2024 01:26:51.349] [Render thread/INFO] [net.minecraft.client.renderer.texture.TextureAtlas/]: Created: 512x256x0 minecraft:textures/atlas/particles.png-atlas
[09May2024 01:26:51.352] [Render thread/INFO] [net.minecraft.client.renderer.texture.TextureAtlas/]: Created: 256x256x0 minecraft:textures/atlas/paintings.png-atlas
[09May2024 01:26:51.353] [Render thread/INFO] [net.minecraft.client.renderer.texture.TextureAtlas/]: Created: 256x128x0 minecraft:textures/atlas/mob_effects.png-atlas
[09May2024 01:26:51.354] [Render thread/INFO] [net.minecraft.client.renderer.texture.TextureAtlas/]: Created: 64x64x0 minecraft:textures/atlas/map_decorations.png-atlas
[09May2024 01:26:51.355] [Render thread/INFO] [net.minecraft.client.renderer.texture.TextureAtlas/]: Created: 1024x512x0 minecraft:textures/atlas/gui.png-atlas
[09May2024 01:26:51.405] [Render thread/WARN] [net.minecraft.client.renderer.ShaderInstance/]: Shader rendertype_entity_translucent_emissive could not find sampler named Sampler2 in the specified shader program.
[09May2024 01:27:08.102] [Render thread/INFO] [net.minecraft.server.MinecraftServer/]: Found new data pack mod/neoforge, loading it automatically
[09May2024 01:27:08.102] [Render thread/INFO] [net.minecraft.server.MinecraftServer/]: Found new data pack mod/productivelib, loading it automatically
[09May2024 01:27:09.557] [Render thread/INFO] [net.minecraft.world.item.crafting.RecipeManager/]: Loaded 1175 recipes
[09May2024 01:27:09.925] [Render thread/INFO] [net.minecraft.advancements.AdvancementTree/]: Loaded 1276 advancements
[09May2024 01:27:10.623] [Server thread/INFO] [net.minecraft.client.server.IntegratedServer/]: Starting integrated minecraft server version 1.20.6
[09May2024 01:27:10.623] [Server thread/INFO] [net.minecraft.server.MinecraftServer/]: Generating keypair
[09May2024 01:27:12.939] [Server thread/INFO] [net.minecraft.server.MinecraftServer/]: Preparing start region for dimension minecraft:overworld
[09May2024 01:27:14.496] [progressListener/INFO] [net.minecraft.server.level.progress.LoggerChunkProgressListener/]: Preparing spawn area: 0%
[09May2024 01:27:14.601] [progressListener/INFO] [net.minecraft.server.level.progress.LoggerChunkProgressListener/]: Preparing spawn area: 0%
[09May2024 01:27:14.621] [progressListener/INFO] [net.minecraft.server.level.progress.LoggerChunkProgressListener/]: Preparing spawn area: 0%
[09May2024 01:27:14.621] [progressListener/INFO] [net.minecraft.server.level.progress.LoggerChunkProgressListener/]: Preparing spawn area: 0%
[09May2024 01:27:14.961] [progressListener/INFO] [net.minecraft.server.level.progress.LoggerChunkProgressListener/]: Preparing spawn area: 0%
[09May2024 01:27:15.470] [progressListener/INFO] [net.minecraft.server.level.progress.LoggerChunkProgressListener/]: Preparing spawn area: 0%
[09May2024 01:27:15.738] [Server thread/INFO] [net.neoforged.neoforge.server.permission.PermissionAPI/]: Successfully initialized permission handler neoforge:default_handler
[09May2024 01:27:15.740] [progressListener/INFO] [net.minecraft.server.level.progress.LoggerChunkProgressListener/]: Time elapsed: 2783 ms
[09May2024 01:27:15.898] [Server thread/INFO] [net.minecraft.client.server.IntegratedServer/]: Changing view distance to 12, from 10
[09May2024 01:27:15.899] [Server thread/INFO] [net.minecraft.client.server.IntegratedServer/]: Changing simulation distance to 12, from 0
[09May2024 01:27:17.316] [Server thread/INFO] [net.minecraft.server.players.PlayerList/]: Dev[local:E:dec84527] logged in with entity id 80 at (-5.5, 64.0, -9.5)
[09May2024 01:27:17.430] [Server thread/INFO] [net.minecraft.server.MinecraftServer/]: Dev joined the game
[09May2024 01:27:17.851] [Render thread/INFO] [net.minecraft.advancements.AdvancementTree/]: Loaded 2 advancements
[09May2024 01:27:22.033] [Server thread/INFO] [net.minecraft.client.server.IntegratedServer/]: Saving and pausing game...
[09May2024 01:27:22.098] [Server thread/INFO] [net.minecraft.server.MinecraftServer/]: Saving chunks for level 'ServerLevel[New World]'/minecraft:overworld
[09May2024 01:27:22.313] [Server thread/INFO] [net.minecraft.server.MinecraftServer/]: Saving chunks for level 'ServerLevel[New World]'/minecraft:the_end
[09May2024 01:27:22.828] [Server thread/INFO] [net.minecraft.server.MinecraftServer/]: Saving chunks for level 'ServerLevel[New World]'/minecraft:the_nether
[09May2024 01:27:31.443] [Render thread/INFO] [net.minecraft.client.Minecraft/]: Stopping!
[09May2024 01:27:31.568] [Server thread/INFO] [net.minecraft.server.network.ServerGamePacketListenerImpl/]: Dev lost connection: Disconnected
[09May2024 01:27:31.569] [Server thread/INFO] [net.minecraft.server.MinecraftServer/]: Dev left the game
[09May2024 01:27:31.754] [Server thread/INFO] [net.minecraft.server.network.ServerCommonPacketListenerImpl/]: Stopping singleplayer server as player logged out
[09May2024 01:27:31.796] [Server thread/INFO] [net.minecraft.server.MinecraftServer/]: Stopping server
[09May2024 01:27:31.797] [Server thread/INFO] [net.minecraft.server.MinecraftServer/]: Saving players
[09May2024 01:27:31.797] [Server thread/INFO] [net.minecraft.server.MinecraftServer/]: Saving worlds
[09May2024 01:27:34.142] [Server thread/INFO] [net.minecraft.server.MinecraftServer/]: Saving chunks for level 'ServerLevel[New World]'/minecraft:overworld
[09May2024 01:27:39.643] [Server thread/INFO] [net.minecraft.server.MinecraftServer/]: Saving chunks for level 'ServerLevel[New World]'/minecraft:the_end
[09May2024 01:27:39.685] [Server thread/INFO] [net.minecraft.server.MinecraftServer/]: Saving chunks for level 'ServerLevel[New World]'/minecraft:the_nether
[09May2024 01:27:39.788] [Server thread/INFO] [net.minecraft.server.MinecraftServer/]: ThreadedAnvilChunkStorage (New World): All chunks are saved
[09May2024 01:27:39.788] [Server thread/INFO] [net.minecraft.server.MinecraftServer/]: ThreadedAnvilChunkStorage (DIM1): All chunks are saved
[09May2024 01:27:39.788] [Server thread/INFO] [net.minecraft.server.MinecraftServer/]: ThreadedAnvilChunkStorage (DIM-1): All chunks are saved
[09May2024 01:27:39.789] [Server thread/INFO] [net.minecraft.server.MinecraftServer/]: ThreadedAnvilChunkStorage: All dimensions are saved
